<?xml version="1.0" encoding="UTF-8"?>
<!-- Generated by org.testng.reporters.JUnitReportReporter -->
<testsuite hostname="AICPD40" failures="0" tests="5" name="scripts.SmokeTest" time="149.737" errors="1" timestamp="2022-12-21T18:23:59 IST" skipped="2">
  <testcase classname="scripts.SmokeTest" name="verifyDashboardElements" time="53.369"/>
  <system-out>
    <![CDATA[Page Object Model is generated for Login Page.
Login process started
Entered user credential to login
[btnSignin] is clicked
Login process is completed with user [duatest1@outlook.com]
Page Object Model is generated for dashboard
User [Bas van Zalingen] login successfully
validateSideNavigationAvilability process started
[btnSideToggle] is available on the page
[btnSideNavDashboard] is available on the page
[btnSideNavOpenQuotes] is available on the page
validateSideNavigationAvilability process ended
isLibraryAvilabile validation started
[btnMembersLib] is available on the page
[btnVesselsLib] is available on the page
[btnPoliciesLib] is available on the page
isLibraryAvilabile validation ended
validateWigetAvilability validation started
[widgetCardholder] is available on the page
[widgetCardholderStatements] is available on the page
[widgetContacts] is available on the page
[widgetLrlc] is available on the page
[widgetRecentQuotes] is available on the page
[widgetRenewalsSummary] is available on the page
validateWigetAvilability validation ended
isAdditionalNavAvilabile validation started
[btnContinuePI] is available on the page
[btnKnowledgeBase] is available on the page
[btnFAQ] is available on the page
[btnReportAProblem] is available on the page
[btnTnC] is available on the page
[btnNeedHelp] is available on the page
isAdditionalNavAvilabile validation ended
logout process started
[lblLoginUser] is clicked
[btnSignOut] is clicked
[btnSignOutNow] is clicked
logout process ended
verifyLoginPageTitle process started
logout successful
verifyLoginPageTitle process ended]]>
  </system-out>
  <testcase classname="scripts.SmokeTest" name="getPniVersion" time="46.684"/>
  <system-out>
    <![CDATA[Page Object Model is generated for Login Page.
Login process started
Entered user credential to login
[btnSignin] is clicked
Login process is completed with user [duatest2@outlook.com]
Page Object Model is generated for dashboard
User [Sharon Johns] login successfully
[lblLoginUser] is clicked]]>
  </system-out>
  <testcase classname="scripts.SmokeTest" name="createAndValidateNewQuote" time="49.684">
    <error message="element click intercepted: Element &lt;span class=&quot;pandi-icon pr-2 pandi-icon-chevron-circle-close-dark&quot;&gt;&lt;/span&gt; is not clickable at point (882, 172). Other element would receive the click: &lt;div class=&quot;px-4 ng-star-inserted&quot; style=&quot;&quot;&gt;...&lt;/div&gt;
  (Session info: chrome=108.0.5359.100)
Build info: version: &#039;4.4.0&#039;, revision: &#039;e5c75ed026a&#039;
System info: host: &#039;AICPD40&#039;, ip: &#039;192.168.140.100&#039;, os.name: &#039;Windows 11&#039;, os.arch: &#039;amd64&#039;, os.version: &#039;10.0&#039;, java.version: &#039;18.0.1&#039;
Driver info: org.openqa.selenium.chrome.ChromeDriver
Command: [ca4bc5746f7e8d515dbac11a4d8f9734, clickElement {id=e17e6cf4-3c54-4b99-9f54-ffc70d60cd9b}]
Capabilities {acceptInsecureCerts: false, browserName: chrome, browserVersion: 108.0.5359.100, chrome: {chromedriverVersion: 108.0.5359.71 (1e0e3868ee06..., userDataDir: C:\Users\NAINIK~1\AppData\L...}, goog:chromeOptions: {debuggerAddress: localhost:59447}, networkConnectionEnabled: false, pageLoadStrategy: normal, platformName: WINDOWS, proxy: Proxy(), se:cdp: ws://localhost:59447/devtoo..., se:cdpVersion: 108.0.5359.100, setWindowRect: true, strictFileInteractability: false, timeouts: {implicit: 0, pageLoad: 300000, script: 30000}, unhandledPromptBehavior: dismiss and notify, webauthn:extension:credBlob: true, webauthn:extension:largeBlob: true, webauthn:virtualAuthenticators: true}
Element: [[ChromeDriver: chrome on WINDOWS (ca4bc5746f7e8d515dbac11a4d8f9734)] -&gt; xpath: //mat-expansion-panel-header//span[contains(@class,&#039;pandi-icon-chevron-circle-close-dark&#039;)]]
Session ID: ca4bc5746f7e8d515dbac11a4d8f9734" type="org.openqa.selenium.ElementClickInterceptedException">
      <![CDATA[org.openqa.selenium.ElementClickInterceptedException: element click intercepted: Element <span class="pandi-icon pr-2 pandi-icon-chevron-circle-close-dark"></span> is not clickable at point (882, 172). Other element would receive the click: <div class="px-4 ng-star-inserted" style="">...</div>
  (Session info: chrome=108.0.5359.100)
Build info: version: '4.4.0', revision: 'e5c75ed026a'
System info: host: 'AICPD40', ip: '192.168.140.100', os.name: 'Windows 11', os.arch: 'amd64', os.version: '10.0', java.version: '18.0.1'
Driver info: org.openqa.selenium.chrome.ChromeDriver
Command: [ca4bc5746f7e8d515dbac11a4d8f9734, clickElement {id=e17e6cf4-3c54-4b99-9f54-ffc70d60cd9b}]
Capabilities {acceptInsecureCerts: false, browserName: chrome, browserVersion: 108.0.5359.100, chrome: {chromedriverVersion: 108.0.5359.71 (1e0e3868ee06..., userDataDir: C:\Users\NAINIK~1\AppData\L...}, goog:chromeOptions: {debuggerAddress: localhost:59447}, networkConnectionEnabled: false, pageLoadStrategy: normal, platformName: WINDOWS, proxy: Proxy(), se:cdp: ws://localhost:59447/devtoo..., se:cdpVersion: 108.0.5359.100, setWindowRect: true, strictFileInteractability: false, timeouts: {implicit: 0, pageLoad: 300000, script: 30000}, unhandledPromptBehavior: dismiss and notify, webauthn:extension:credBlob: true, webauthn:extension:largeBlob: true, webauthn:virtualAuthenticators: true}
Element: [[ChromeDriver: chrome on WINDOWS (ca4bc5746f7e8d515dbac11a4d8f9734)] -> xpath: //mat-expansion-panel-header//span[contains(@class,'pandi-icon-chevron-circle-close-dark')]]
Session ID: ca4bc5746f7e8d515dbac11a4d8f9734
at java.base/jdk.internal.reflect.DirectConstructorHandleAccessor.newInstance(DirectConstructorHandleAccessor.java:67)
at java.base/java.lang.reflect.Constructor.newInstanceWithCaller(Constructor.java:499)
at java.base/java.lang.reflect.Constructor.newInstance(Constructor.java:483)
at org.openqa.selenium.remote.codec.w3c.W3CHttpResponseCodec.createException(W3CHttpResponseCodec.java:200)
at org.openqa.selenium.remote.codec.w3c.W3CHttpResponseCodec.decode(W3CHttpResponseCodec.java:133)
at org.openqa.selenium.remote.codec.w3c.W3CHttpResponseCodec.decode(W3CHttpResponseCodec.java:53)
at org.openqa.selenium.remote.HttpCommandExecutor.execute(HttpCommandExecutor.java:184)
at org.openqa.selenium.remote.service.DriverCommandExecutor.invokeExecute(DriverCommandExecutor.java:167)
at org.openqa.selenium.remote.service.DriverCommandExecutor.execute(DriverCommandExecutor.java:142)
at org.openqa.selenium.remote.RemoteWebDriver.execute(RemoteWebDriver.java:547)
at org.openqa.selenium.remote.RemoteWebElement.execute(RemoteWebElement.java:257)
at org.openqa.selenium.remote.RemoteWebElement.click(RemoteWebElement.java:78)
at page.NewQuotePage.expandSections(NewQuotePage.java:395)
at page.NewQuotePage.fillNewQuoteDetails(NewQuotePage.java:194)
at scripts.SmokeTest.createAndValidateNewQuote(SmokeTest.java:105)
at java.base/jdk.internal.reflect.DirectMethodHandleAccessor.invoke(DirectMethodHandleAccessor.java:104)
at java.base/java.lang.reflect.Method.invoke(Method.java:577)
at org.testng.internal.invokers.MethodInvocationHelper.invokeMethod(MethodInvocationHelper.java:139)
at org.testng.internal.invokers.TestInvoker.invokeMethod(TestInvoker.java:677)
at org.testng.internal.invokers.TestInvoker.invokeTestMethod(TestInvoker.java:221)
at org.testng.internal.invokers.MethodRunner.runInSequence(MethodRunner.java:50)
at org.testng.internal.invokers.TestInvoker$MethodInvocationAgent.invoke(TestInvoker.java:962)
at org.testng.internal.invokers.TestInvoker.invokeTestMethods(TestInvoker.java:194)
at org.testng.internal.invokers.TestMethodWorker.invokeTestMethods(TestMethodWorker.java:148)
at org.testng.internal.invokers.TestMethodWorker.run(TestMethodWorker.java:128)
at java.base/java.util.concurrent.ThreadPoolExecutor.runWorker(ThreadPoolExecutor.java:1136)
at java.base/java.util.concurrent.ThreadPoolExecutor$Worker.run(ThreadPoolExecutor.java:635)
at java.base/java.lang.Thread.run(Thread.java:833)
]]>
    </error>
  </testcase> <!-- createAndValidateNewQuote -->
  <system-out>
    <![CDATA[Page Object Model is generated for Login Page.
Login process started
Entered user credential to login
[btnSignin] is clicked
Login process is completed with user [duatest2@outlook.com]
Page Object Model is generated for dashboard
User [Sharon Johns] login successfully
[btnSideNavOpenQuotes] is clicked
Page Object Model is generated for Open Quotes Page.
Page Object Model is generated for New Quote Page.
validateNewQuoteHeader process started 
Text [New Quote] is displayed on header of New Quote form
Vessel Template [Yacht] is selected by default
Current date [21/12/2022] is displayed on header of New Quote form
validateNewQuoteHeader process ended
addNewQuote process started ]]>
  </system-out>
  <testcase classname="scripts.SmokeTest" name="verifyApiResponse">
    <skipped/>
  </testcase> <!-- verifyApiResponse -->
  <system-out/>
  <testcase classname="scripts.SmokeTest" name="verifyQuoteDeletConfirmation">
    <skipped/>
  </testcase> <!-- verifyQuoteDeletConfirmation -->
  <system-out/>
</testsuite> <!-- scripts.SmokeTest -->
